mv HPC-SBATCH-WH-var_accel-apx-mem.sh HPC-SBATCH-var_accel-apx-mem.sh
mv HPC-SBATCH-WH-var_accel-apx.sh HPC-SBATCH-var_accel-apx.sh
mv HPC-SBATCH-WH-var_accel-exact-mem.sh HPC-SBATCH-var_accel-exact-mem.sh
mv HPC-SBATCH-WH-var_accel-exact.sh HPC-SBATCH-var_accel-exact.sh
mv HPC-SBATCH-WH-var_accel-kavr_18.sh HPC-SBATCH-var_accel-kavr_18.sh
mv HPC-SBATCH-WH-var_accel-kavr_24-p05-mem.sh HPC-SBATCH-var_accel-kavr_24-p05-mem.sh
mv HPC-SBATCH-WH-var_accel-kavr_24-p06.sh HPC-SBATCH-var_accel-kavr_24-p06.sh
mv HPC-SBATCH-WH-var_accel-kavr_24-p07.sh HPC-SBATCH-var_accel-kavr_24-p07.sh
mv HPC-SBATCH-WH-var_accel-kavr_24-p08.sh HPC-SBATCH-var_accel-kavr_24-p08.sh
mv HPC-SBATCH-WH-var_accel-kavr_24-p09.sh HPC-SBATCH-var_accel-kavr_24-p09.sh
mv HPC-SBATCH-WH-var_accel-kavr_24-p10.sh HPC-SBATCH-var_accel-kavr_24-p10.sh
mv HPC-SBATCH-WH-var_accel-kavr_24-p11.sh HPC-SBATCH-var_accel-kavr_24-p11.sh
mv HPC-SBATCH-WH-var_accel-kavr_24-p12.sh HPC-SBATCH-var_accel-kavr_24-p12.sh
mv HPC-SBATCH-WH-var_accel-kavr_24.sh HPC-SBATCH-var_accel-kavr_24.sh
mv HPC-SBATCH-WH-var_accel-row_17.sh HPC-SBATCH-var_accel-row_17.sh
mv HPC-SBATCH-WH-var_ar-runtime.sh HPC-SBATCH-var_ar-runtime.sh
mv HPC-SBATCH-WH-var_ar-sln_qual.sh HPC-SBATCH-var_ar-sln_qual.sh
mv HPC-SBATCH-WH-var_dur-apx-mem.sh HPC-SBATCH-var_dur-apx-mem.sh
mv HPC-SBATCH-WH-var_dur-apx.sh HPC-SBATCH-var_dur-apx.sh
mv HPC-SBATCH-WH-var_dur_cProfile-kavr_18.sh HPC-SBATCH-var_dur_cProfile-kavr_18.sh
mv HPC-SBATCH-WH-var_dur_cProfile-kavr_24.sh HPC-SBATCH-var_dur_cProfile-kavr_24.sh
mv HPC-SBATCH-WH-var_dur-exact-mem.sh HPC-SBATCH-var_dur-exact-mem.sh
mv HPC-SBATCH-WH-var_dur-exact.sh HPC-SBATCH-var_dur-exact.sh
mv HPC-SBATCH-WH-var_dur-kavr_18.sh HPC-SBATCH-var_dur-kavr_18.sh
mv HPC-SBATCH-WH-var_dur-kavr_24-p05-mem.sh HPC-SBATCH-var_dur-kavr_24-p05-mem.sh
mv HPC-SBATCH-WH-var_dur-kavr_24-p05.sh HPC-SBATCH-var_dur-kavr_24-p05.sh
mv HPC-SBATCH-WH-var_dur-kavr_24-p06-mem.sh HPC-SBATCH-var_dur-kavr_24-p06-mem.sh
mv HPC-SBATCH-WH-var_dur-kavr_24-p06.sh HPC-SBATCH-var_dur-kavr_24-p06.sh
mv HPC-SBATCH-WH-var_dur-kavr_24-p07-mem.sh HPC-SBATCH-var_dur-kavr_24-p07-mem.sh
mv HPC-SBATCH-WH-var_dur-kavr_24-p07.sh HPC-SBATCH-var_dur-kavr_24-p07.sh
mv HPC-SBATCH-WH-var_dur-kavr_24-p08-mem.sh HPC-SBATCH-var_dur-kavr_24-p08-mem.sh
mv HPC-SBATCH-WH-var_dur-kavr_24-p08.sh HPC-SBATCH-var_dur-kavr_24-p08.sh
mv HPC-SBATCH-WH-var_dur-kavr_24-p09-mem.sh HPC-SBATCH-var_dur-kavr_24-p09-mem.sh
mv HPC-SBATCH-WH-var_dur-kavr_24-p09.sh HPC-SBATCH-var_dur-kavr_24-p09.sh
mv HPC-SBATCH-WH-var_dur-kavr_24-p10-mem.sh HPC-SBATCH-var_dur-kavr_24-p10-mem.sh
mv HPC-SBATCH-WH-var_dur-kavr_24-p10.sh HPC-SBATCH-var_dur-kavr_24-p10.sh
mv HPC-SBATCH-WH-var_dur-kavr_24-p11-mem.sh HPC-SBATCH-var_dur-kavr_24-p11-mem.sh
mv HPC-SBATCH-WH-var_dur-kavr_24-p11.sh HPC-SBATCH-var_dur-kavr_24-p11.sh
mv HPC-SBATCH-WH-var_dur-kavr_24-p12-mem.sh HPC-SBATCH-var_dur-kavr_24-p12-mem.sh
mv HPC-SBATCH-WH-var_dur-kavr_24-p12.sh HPC-SBATCH-var_dur-kavr_24-p12.sh
mv HPC-SBATCH-WH-var_dur-kavr_24.sh HPC-SBATCH-var_dur-kavr_24.sh
mv HPC-SBATCH-WH-var_dur-row_17.sh HPC-SBATCH-var_dur-row_17.sh
mv HPC-SBATCH-WH-var_m-apx-mem.sh HPC-SBATCH-var_m-apx-mem.sh
mv HPC-SBATCH-WH-var_m-apx.sh HPC-SBATCH-var_m-apx.sh
mv HPC-SBATCH-WH-var_m-exact-mem.sh HPC-SBATCH-var_m-exact-mem.sh
mv HPC-SBATCH-WH-var_m-exact.sh HPC-SBATCH-var_m-exact.sh
mv HPC-SBATCH-WH-var_m-kavr_18.sh HPC-SBATCH-var_m-kavr_18.sh
mv HPC-SBATCH-WH-var_m-kavr_24-p05-p12-mem.sh HPC-SBATCH-var_m-kavr_24-p05-p12-mem.sh
mv HPC-SBATCH-WH-var_m-kavr_24-p05-p12.sh HPC-SBATCH-var_m-kavr_24-p05-p12.sh
mv HPC-SBATCH-WH-var_m-kavr_24.sh HPC-SBATCH-var_m-kavr_24.sh
mv HPC-SBATCH-WH-var_m-row_17.sh HPC-SBATCH-var_m-row_17.sh
mv HPC-SBATCH-WH-var_prec-apx-mem.sh HPC-SBATCH-var_prec-apx-mem.sh
mv HPC-SBATCH-WH-var_prec-apx.sh HPC-SBATCH-var_prec-apx.sh
mv HPC-SBATCH-WH-var_prec-exact-cProfile.sh HPC-SBATCH-var_prec-exact-cProfile.sh
mv HPC-SBATCH-WH-var_prec-exact-mem.sh HPC-SBATCH-var_prec-exact-mem.sh
mv HPC-SBATCH-WH-var_prec-exact.sh HPC-SBATCH-var_prec-exact.sh
mv HPC-SBATCH-WH-var_prec-kavr_18-mem.sh HPC-SBATCH-var_prec-kavr_18-mem.sh
mv HPC-SBATCH-WH-var_prec-kavr_18.sh HPC-SBATCH-var_prec-kavr_18.sh
mv HPC-SBATCH-WH-var_prec-kavr_24-high_gran.sh HPC-SBATCH-var_prec-kavr_24-high_gran.sh
mv HPC-SBATCH-WH-var_prec-kavr_24-mem.sh HPC-SBATCH-var_prec-kavr_24-mem.sh
mv HPC-SBATCH-WH-var_prec-kavr_24-p05.sh HPC-SBATCH-var_prec-kavr_24-p05.sh
mv HPC-SBATCH-WH-var_prec-kavr_24-p06-mem.sh HPC-SBATCH-var_prec-kavr_24-p06-mem.sh
mv HPC-SBATCH-WH-var_prec-kavr_24-p06.sh HPC-SBATCH-var_prec-kavr_24-p06.sh
mv HPC-SBATCH-WH-var_prec-kavr_24-p07-mem.sh HPC-SBATCH-var_prec-kavr_24-p07-mem.sh
mv HPC-SBATCH-WH-var_prec-kavr_24-p07.sh HPC-SBATCH-var_prec-kavr_24-p07.sh
mv HPC-SBATCH-WH-var_prec-kavr_24-p08-mem.sh HPC-SBATCH-var_prec-kavr_24-p08-mem.sh
mv HPC-SBATCH-WH-var_prec-kavr_24-p08.sh HPC-SBATCH-var_prec-kavr_24-p08.sh
mv HPC-SBATCH-WH-var_prec-kavr_24-p09-mem.sh HPC-SBATCH-var_prec-kavr_24-p09-mem.sh
mv HPC-SBATCH-WH-var_prec-kavr_24-p09.sh HPC-SBATCH-var_prec-kavr_24-p09.sh
mv HPC-SBATCH-WH-var_prec-kavr_24-p10-mem.sh HPC-SBATCH-var_prec-kavr_24-p10-mem.sh
mv HPC-SBATCH-WH-var_prec-kavr_24-p10.sh HPC-SBATCH-var_prec-kavr_24-p10.sh
mv HPC-SBATCH-WH-var_prec-kavr_24-p11-mem.sh HPC-SBATCH-var_prec-kavr_24-p11-mem.sh
mv HPC-SBATCH-WH-var_prec-kavr_24-p11.sh HPC-SBATCH-var_prec-kavr_24-p11.sh
mv HPC-SBATCH-WH-var_prec-kavr_24.sh HPC-SBATCH-var_prec-kavr_24.sh
